<?xml version="1.0" encoding="UTF-8"?>
<!-- Generated by org.testng.reporters.JUnitReportReporter -->
<testsuite skipped="0" hostname="Familys-MBP.attlocal.net" name="FreeCRMTestAutomationnew.FreeCRMTestAutomationnew.TestSample" tests="1" failures="0" timestamp="25 Mar 2020 02:10:58 GMT" time="10.578" errors="0">
  <testcase name="test1" time="10.578" classname="FreeCRMTestAutomationnew.FreeCRMTestAutomationnew.TestSample"/>
</testsuite> <!-- FreeCRMTestAutomationnew.FreeCRMTestAutomationnew.TestSample -->
